<?xml version="1.0" encoding="UTF-8"?>
<testng-results skipped="0" failed="0" total="2" passed="2">
  <reporter-output>
  </reporter-output>
  <suite name="HRM test suite" duration-ms="9574" started-at="2021-01-26T17:32:40Z" finished-at="2021-01-26T17:32:49Z">
    <groups>
    </groups>
    <test name="Pending Leave request TC" duration-ms="5388" started-at="2021-01-26T17:32:40Z" finished-at="2021-01-26T17:32:45Z">
      <class name="testCases.Test_Pending_Leave_Request">
        <test-method status="PASS" signature="verifyPendingLeaveRequest()[pri:0, instance:testCases.Test_Pending_Leave_Request@5e025e70]" name="verifyPendingLeaveRequest" duration-ms="5346" started-at="2021-01-26T23:02:40Z" finished-at="2021-01-26T23:02:45Z">
          <reporter-output>
          </reporter-output>
        </test-method> <!-- verifyPendingLeaveRequest -->
      </class> <!-- testCases.Test_Pending_Leave_Request -->
    </test> <!-- Pending Leave request TC -->
    <test name="Validating user role" duration-ms="4112" started-at="2021-01-26T17:32:45Z" finished-at="2021-01-26T17:32:49Z">
      <class name="testCases.Test_User_Role">
        <test-method status="PASS" signature="launchBrowser()[pri:0, instance:testCases.Test_User_Role@1cd072a9]" name="launchBrowser" is-config="true" duration-ms="12069" started-at="2021-01-26T23:02:28Z" finished-at="2021-01-26T23:02:40Z">
          <reporter-output>
          </reporter-output>
        </test-method> <!-- launchBrowser -->
        <test-method status="PASS" signature="checkUserRole()[pri:0, instance:testCases.Test_User_Role@1cd072a9]" name="checkUserRole" duration-ms="4103" started-at="2021-01-26T23:02:45Z" finished-at="2021-01-26T23:02:49Z">
          <reporter-output>
          </reporter-output>
        </test-method> <!-- checkUserRole -->
        <test-method status="PASS" signature="tearDown()[pri:0, instance:testCases.Test_User_Role@1cd072a9]" name="tearDown" is-config="true" duration-ms="1327" started-at="2021-01-26T23:02:49Z" finished-at="2021-01-26T23:02:51Z">
          <reporter-output>
          </reporter-output>
        </test-method> <!-- tearDown -->
      </class> <!-- testCases.Test_User_Role -->
    </test> <!-- Validating user role -->
  </suite> <!-- HRM test suite -->
</testng-results>
